<?xml version="1.0" encoding="UTF-8"?>
<!-- Generated by org.testng.reporters.JUnitReportReporter -->
<testsuite skipped="0" hostname="Rahman-PC" name="loginTest" tests="1" failures="0" timestamp="2020-04-27T00:11:15 EDT" time="18.200" errors="0">
  <testcase name="firstTest" time="18.200" classname="loginTest"/>
  <system-out/>
</testsuite> <!-- loginTest -->
